[07-Oct-2015 07:39:13 CST6CDT] mail() on [/home/freddyme/public_html/contact.php:33]: To: freddymenendez12@gmail.com -- Headers: 
[07-Oct-2015 07:42:30 CST6CDT] mail() on [/home/freddyme/public_html/contact.php:35]: To: freddymenendez12@gmail.com -- Headers: 
[07-Oct-2015 07:45:45 CST6CDT] mail() on [/home/freddyme/public_html/contact.php:35]: To: freddymenendez12@gmail.com -- Headers: 
[07-Oct-2015 07:47:02 CST6CDT] mail() on [/home/freddyme/public_html/contact.php:35]: To: freddymenendez12@gmail.com -- Headers: 
[19-Apr-2016 10:30:04 CST6CDT] mail() on [/home/freddyme/public_html/contact.php:35]: To: freddymenendez12@gmail.com -- Headers: 
[09-Aug-2016 20:38:40 CST6CDT] mail() on [/home/freddyme/public_html/contact.php:35]: To: freddymenendez12@gmail.com -- Headers: 
[14-Oct-2016 09:25:21 CST6CDT] mail() on [/home/freddyme/public_html/contact.php:35]: To: freddymenendez12@gmail.com -- Headers: 
[24-Nov-2016 04:13:50 CST6CDT] mail() on [/home/freddyme/public_html/contact.php:35]: To: freddymenendez12@gmail.com -- Headers: 
[04-Dec-2016 16:01:49 CST6CDT] mail() on [/home/freddyme/public_html/contact.php:35]: To: freddymenendez12@gmail.com -- Headers: 
[08-Dec-2016 20:11:10 CST6CDT] mail() on [/home/freddyme/public_html/contact.php:35]: To: freddymenendez12@gmail.com -- Headers: 
[16-Dec-2016 11:11:14 CST6CDT] mail() on [/home/freddyme/public_html/contact.php:35]: To: freddymenendez12@gmail.com -- Headers: 
[20-Jan-2017 19:40:34 CST6CDT] mail() on [/home/freddyme/public_html/contact.php:35]: To: freddymenendez12@gmail.com -- Headers: 
[08-May-2017 10:49:22 CST6CDT] mail() on [/home/freddyme/public_html/contact.php:35]: To: freddymenendez12@gmail.com -- Headers: 
[21-May-2017 04:23:26 CST6CDT] mail() on [/home/freddyme/public_html/contact.php:35]: To: freddymenendez12@gmail.com -- Headers: 
[02-Jun-2017 04:05:42 CST6CDT] mail() on [/home/freddyme/public_html/contact.php:35]: To: freddymenendez12@gmail.com -- Headers: 
[12-Jul-2017 06:07:06 CST6CDT] mail() on [/home/freddyme/public_html/contact.php:35]: To: freddymenendez12@gmail.com -- Headers: 
[12-Jul-2017 09:15:04 CST6CDT] mail() on [/home/freddyme/public_html/contact.php:35]: To: freddymenendez12@gmail.com -- Headers: 
[12-Jul-2017 09:55:39 CST6CDT] mail() on [/home/freddyme/public_html/contact.php:35]: To: freddymenendez12@gmail.com -- Headers: 
[12-Jul-2017 11:51:45 CST6CDT] mail() on [/home/freddyme/public_html/contact.php:35]: To: freddymenendez12@gmail.com -- Headers: 
[12-Jul-2017 15:23:17 CST6CDT] mail() on [/home/freddyme/public_html/contact.php:35]: To: freddymenendez12@gmail.com -- Headers: 
[12-Jul-2017 15:33:46 CST6CDT] mail() on [/home/freddyme/public_html/contact.php:35]: To: freddymenendez12@gmail.com -- Headers: 
[12-Jul-2017 15:48:34 CST6CDT] mail() on [/home/freddyme/public_html/contact.php:35]: To: freddymenendez12@gmail.com -- Headers: 
[12-Jul-2017 17:05:49 CST6CDT] mail() on [/home/freddyme/public_html/contact.php:35]: To: freddymenendez12@gmail.com -- Headers: 
[12-Jul-2017 19:05:54 CST6CDT] mail() on [/home/freddyme/public_html/contact.php:35]: To: freddymenendez12@gmail.com -- Headers: 
[12-Jul-2017 21:04:48 CST6CDT] mail() on [/home/freddyme/public_html/contact.php:35]: To: freddymenendez12@gmail.com -- Headers: 
[14-Jul-2017 04:58:16 CST6CDT] mail() on [/home/freddyme/public_html/contact.php:35]: To: freddymenendez12@gmail.com -- Headers: 
[14-Jul-2017 14:16:11 CST6CDT] mail() on [/home/freddyme/public_html/contact.php:35]: To: freddymenendez12@gmail.com -- Headers: 
[14-Jul-2017 17:37:43 CST6CDT] mail() on [/home/freddyme/public_html/contact.php:35]: To: freddymenendez12@gmail.com -- Headers: 
[14-Jul-2017 21:17:49 CST6CDT] mail() on [/home/freddyme/public_html/contact.php:35]: To: freddymenendez12@gmail.com -- Headers: 
[16-Jul-2017 14:15:06 CST6CDT] mail() on [/home/freddyme/public_html/contact.php:35]: To: freddymenendez12@gmail.com -- Headers: 
[16-Jul-2017 14:20:39 CST6CDT] mail() on [/home/freddyme/public_html/contact.php:35]: To: freddymenendez12@gmail.com -- Headers: 
[16-Jul-2017 22:20:53 CST6CDT] mail() on [/home/freddyme/public_html/contact.php:35]: To: freddymenendez12@gmail.com -- Headers: 
[18-Jul-2017 04:49:45 CST6CDT] mail() on [/home/freddyme/public_html/contact.php:35]: To: freddymenendez12@gmail.com -- Headers: 
[18-Jul-2017 10:26:52 CST6CDT] mail() on [/home/freddyme/public_html/contact.php:35]: To: freddymenendez12@gmail.com -- Headers: 
[18-Jul-2017 11:42:04 CST6CDT] mail() on [/home/freddyme/public_html/contact.php:35]: To: freddymenendez12@gmail.com -- Headers: 
[18-Jul-2017 15:01:22 CST6CDT] mail() on [/home/freddyme/public_html/contact.php:35]: To: freddymenendez12@gmail.com -- Headers: 
[18-Jul-2017 15:29:58 CST6CDT] mail() on [/home/freddyme/public_html/contact.php:35]: To: freddymenendez12@gmail.com -- Headers: 
[18-Jul-2017 16:22:48 CST6CDT] mail() on [/home/freddyme/public_html/contact.php:35]: To: freddymenendez12@gmail.com -- Headers: 
[18-Jul-2017 20:10:17 CST6CDT] mail() on [/home/freddyme/public_html/contact.php:35]: To: freddymenendez12@gmail.com -- Headers: 
[18-Jul-2017 20:30:10 CST6CDT] mail() on [/home/freddyme/public_html/contact.php:35]: To: freddymenendez12@gmail.com -- Headers: 
[18-Jul-2017 20:35:49 CST6CDT] mail() on [/home/freddyme/public_html/contact.php:36]: To: freddymenendez12@gmail.com -- Headers: 
